IIR.dot - Streams in - 1
IIR.dot - Streams out - 1
IIR.dot - Streams all - 9
IIR.dot - Streams feedback - 0
IIR.dot - Segment ops - 0
jpeg_decode_nopar.dot - Streams in - 1
jpeg_decode_nopar.dot - Streams out - 8
jpeg_decode_nopar.dot - Streams all - 50
jpeg_decode_nopar.dot - Streams feedback - 7
jpeg_decode_nopar.dot - Segment ops - 1
jpeg_encode_nopar.dot - Streams in - 8
jpeg_encode_nopar.dot - Streams out - 1
jpeg_encode_nopar.dot - Streams all - 51
jpeg_encode_nopar.dot - Streams feedback - 0
jpeg_encode_nopar.dot - Segment ops - 4
mpeg_encode_nopar.dot - Streams in - 6
mpeg_encode_nopar.dot - Streams out - 1
mpeg_encode_nopar.dot - Streams all - 238
mpeg_encode_nopar.dot - Streams feedback - 4
mpeg_encode_nopar.dot - Segment ops - 16
mpeg_encode_PB.dot - Streams in - 3
mpeg_encode_PB.dot - Streams out - 1
mpeg_encode_PB.dot - Streams all - 317
mpeg_encode_PB.dot - Streams feedback - 8
mpeg_encode_PB.dot - Segment ops - 17
wavelet_decode.dot - Streams in - 7
wavelet_decode.dot - Streams out - 1
wavelet_decode.dot - Streams all - 57
wavelet_decode.dot - Streams feedback - 23
wavelet_decode.dot - Segment ops - 6
wavelet.dot - Streams in - 1
wavelet.dot - Streams out - 7
wavelet.dot - Streams all - 58
wavelet.dot - Streams feedback - 9
wavelet.dot - Segment ops - 6
