warning: preprocess memory.tdf...
memory.tdf:37: at "done": warning: ignoring return value of builtin "done"
memory.tdf:39: at "=": warning: assignment from type unsigned[17] to type unsigned[16] may lose information
memory.tdf:57: at "done": warning: ignoring return value of builtin "done"
memory.tdf:59: at "=": warning: assignment from type unsigned[17] to type unsigned[16] may lose information
// operator cmb_ram_64k
// operator cmb_seq_r_64k
// operator cmb_seq_w_64k
// operator lut_10

unsigned[8] cmb_ram_64k (input unsigned[16] addr, input unsigned[8] data, input boolean rwMode)
{
  unsigned[65536][8] memory;

  state only (addr,data,rwMode) :
    {
      if (rwMode)
        cmb_ram_64k=memory[addr];
      else
        memory[addr]=data;
    }
}

unsigned[n] cmb_seq_r_64k (param unsigned[8] n, param unsigned[65336][n] contents)
{
  unsigned[16] index=0;

  state only () :
    {
      cmb_seq_r_64k=contents[index];
      if (index==bitsof((signed[16])(-1)))
        done();
      else
        index=index+1;
    }
}

cmb_seq_w_64k (param unsigned[8] n, param unsigned[65336][n] contents, input unsigned[n] data)
{
  unsigned[16] index=0;

  state only (data) :
    {
      contents[index]=data;
      if (index==bitsof((signed[16])(-1)))
        done();
      else
        index=index+1;
    }
}

unsigned[8] lut_10 (input unsigned[4] index)
{
  unsigned[10][8] memory={0,10,20,30,40,50,60,70,80,90};

  state only (index) :
    {
      if (index>=10)
        {
        }
      else
        lut_10=memory[index];
    }
}

warning: Exiting...
