warning: preprocess not_quite_zle.tdf...
not_quite_zle.tdf:14: at "=": warning: assignment from type unsigned[8] to type unsigned[7] may lose information
// operator ZLE

ZLE (input signed[8] a, output signed[8] o)
{
  unsigned[7] cnt=0;

  state nopend (a) :
    if (a==0)
      {
        cnt=1;
        goto zero;
      }

  state pending (a) :
    if (a==0)
      {
        cnt=1;
        o=a@1;
        goto zero;
      }
    else
      {
        o=a@1;
        stay;
      }

  state zero (a) :
    if (a==0)
      if (cnt==(5-1))
        {
          o=5|64;
          stay;
        }
      else
        cnt=cnt+1;
    else
      if (cnt>0)
        {
          o=cnt|64;
          goto pending;
        }
      else
        {
          o=a;
          goto nopend;
        }
}

warning: Exiting...
