warning: preprocess zle7.tdf...
zle7.tdf:15: at "=": warning: assignment from type unsigned[9] to type unsigned[8] may lose information
// operator zle7

zle7 (input unsigned[7] i, output unsigned[8] o)
{
  unsigned[8] cnt=0;

  state start (i) :
    if (i==0)
      {
        cnt=1;
        goto zeros;
      }
    else
      {
        o=i;
      }

  state pending () :
    o=i;
    goto start;

  state zeros (i) :
    if (i==0)
      {
        if (cnt==127)
          {
            o=128|cnt;
            cnt=0;
          }
        else
          {
            cnt=cnt+1;
          }
      }
    else
      {
        o=128|cnt;
        cnt=0;
        goto pending;
      }
}

warning: Exiting...
